<?xml version="1.0" encoding="UTF-8"?>
<!-- Generated by org.testng.reporters.JUnitReportReporter -->
<testsuite skipped="1" hostname="LGDN18-1209-W10" name="com.test.selenium.Test1" tests="2" failures="0" timestamp="27 Dec 2019 08:58:50 GMT" time="17.770" errors="1">
  <testcase name="beforeClass" time="17.770" classname="com.test.selenium.Test1">
    <error type="org.openqa.selenium.SessionNotCreatedException" message="session not created
from chrome not reachable
  (Session info: chrome=79.0.3945.88)
Build info: version: &#039;3.141.59&#039;, revision: &#039;e82be7d358&#039;, time: &#039;2018-11-14T08:17:03&#039;
System info: host: &#039;LGDN18-1209-W10&#039;, ip: &#039;192.168.190.234&#039;, os.name: &#039;Windows 10&#039;, os.arch: &#039;amd64&#039;, os.version: &#039;10.0&#039;, java.version: &#039;1.8.0_231&#039;
Driver info: driver.version: ChromeDriver
remote stacktrace: Backtrace:
	Ordinal0 [0x009BA113+1548563]
	Ordinal0 [0x0093DDA1+1039777]
	Ordinal0 [0x008BE32E+516910]
	Ordinal0 [0x008B8012+491538]
	Ordinal0 [0x008B86EB+493291]
	Ordinal0 [0x008B9855+497749]
	Ordinal0 [0x008B5885+481413]
	Ordinal0 [0x008BF0D0+520400]
	Ordinal0 [0x0086C030+180272]
	Ordinal0 [0x0086B59D+177565]
	Ordinal0 [0x008695FB+169467]
	Ordinal0 [0x0085160A+71178]
	Ordinal0 [0x00852690+75408]
	Ordinal0 [0x00852629+75305]
	Ordinal0 [0x009571B7+1143223]
	GetHandleVerifier [0x00A52B46+507814]
	GetHandleVerifier [0x00A52864+507076]
	GetHandleVerifier [0x00A59F47+537511]
	GetHandleVerifier [0x00A53402+510050]
	Ordinal0 [0x0094F29C+1110684]
	Ordinal0 [0x0095938B+1151883]
	Ordinal0 [0x009594F3+1152243]
	Ordinal0 [0x009583F5+1147893]
	BaseThreadInitThunk [0x74FF6359+25]
	RtlGetAppContainerNamedObjectPath [0x77527B74+228]
	RtlGetAppContainerNamedObjectPath [0x77527B44+180]
">
      <![CDATA[org.openqa.selenium.SessionNotCreatedException: session not created
from chrome not reachable
  (Session info: chrome=79.0.3945.88)
Build info: version: '3.141.59', revision: 'e82be7d358', time: '2018-11-14T08:17:03'
System info: host: 'LGDN18-1209-W10', ip: '192.168.190.234', os.name: 'Windows 10', os.arch: 'amd64', os.version: '10.0', java.version: '1.8.0_231'
Driver info: driver.version: ChromeDriver
remote stacktrace: Backtrace:
Ordinal0 [0x009BA113+1548563]
Ordinal0 [0x0093DDA1+1039777]
Ordinal0 [0x008BE32E+516910]
Ordinal0 [0x008B8012+491538]
Ordinal0 [0x008B86EB+493291]
Ordinal0 [0x008B9855+497749]
Ordinal0 [0x008B5885+481413]
Ordinal0 [0x008BF0D0+520400]
Ordinal0 [0x0086C030+180272]
Ordinal0 [0x0086B59D+177565]
Ordinal0 [0x008695FB+169467]
Ordinal0 [0x0085160A+71178]
Ordinal0 [0x00852690+75408]
Ordinal0 [0x00852629+75305]
Ordinal0 [0x009571B7+1143223]
GetHandleVerifier [0x00A52B46+507814]
GetHandleVerifier [0x00A52864+507076]
GetHandleVerifier [0x00A59F47+537511]
GetHandleVerifier [0x00A53402+510050]
Ordinal0 [0x0094F29C+1110684]
Ordinal0 [0x0095938B+1151883]
Ordinal0 [0x009594F3+1152243]
Ordinal0 [0x009583F5+1147893]
BaseThreadInitThunk [0x74FF6359+25]
RtlGetAppContainerNamedObjectPath [0x77527B74+228]
RtlGetAppContainerNamedObjectPath [0x77527B44+180]

at sun.reflect.NativeConstructorAccessorImpl.newInstance0(Native Method)
at sun.reflect.NativeConstructorAccessorImpl.newInstance(Unknown Source)
at sun.reflect.DelegatingConstructorAccessorImpl.newInstance(Unknown Source)
at java.lang.reflect.Constructor.newInstance(Unknown Source)
at org.openqa.selenium.remote.W3CHandshakeResponse.lambda$errorHandler$0(W3CHandshakeResponse.java:62)
at org.openqa.selenium.remote.HandshakeResponse.lambda$getResponseFunction$0(HandshakeResponse.java:30)
at org.openqa.selenium.remote.ProtocolHandshake.lambda$createSession$0(ProtocolHandshake.java:126)
at java.util.stream.ReferencePipeline$3$1.accept(Unknown Source)
at java.util.Spliterators$ArraySpliterator.tryAdvance(Unknown Source)
at java.util.stream.ReferencePipeline.forEachWithCancel(Unknown Source)
at java.util.stream.AbstractPipeline.copyIntoWithCancel(Unknown Source)
at java.util.stream.AbstractPipeline.copyInto(Unknown Source)
at java.util.stream.AbstractPipeline.wrapAndCopyInto(Unknown Source)
at java.util.stream.FindOps$FindOp.evaluateSequential(Unknown Source)
at java.util.stream.AbstractPipeline.evaluate(Unknown Source)
at java.util.stream.ReferencePipeline.findFirst(Unknown Source)
at org.openqa.selenium.remote.ProtocolHandshake.createSession(ProtocolHandshake.java:128)
at org.openqa.selenium.remote.ProtocolHandshake.createSession(ProtocolHandshake.java:74)
at org.openqa.selenium.remote.HttpCommandExecutor.execute(HttpCommandExecutor.java:136)
at org.openqa.selenium.remote.service.DriverCommandExecutor.execute(DriverCommandExecutor.java:83)
at org.openqa.selenium.remote.RemoteWebDriver.execute(RemoteWebDriver.java:552)
at org.openqa.selenium.remote.RemoteWebDriver.startSession(RemoteWebDriver.java:213)
at org.openqa.selenium.remote.RemoteWebDriver.<init>(RemoteWebDriver.java:131)
at org.openqa.selenium.chrome.ChromeDriver.<init>(ChromeDriver.java:181)
at org.openqa.selenium.chrome.ChromeDriver.<init>(ChromeDriver.java:168)
at org.openqa.selenium.chrome.ChromeDriver.<init>(ChromeDriver.java:123)
at com.test.selenium.Test1.beforeClass(Test1.java:28)
at sun.reflect.NativeMethodAccessorImpl.invoke0(Native Method)
at sun.reflect.NativeMethodAccessorImpl.invoke(Unknown Source)
at sun.reflect.DelegatingMethodAccessorImpl.invoke(Unknown Source)
at java.lang.reflect.Method.invoke(Unknown Source)
at org.testng.internal.MethodInvocationHelper.invokeMethod(MethodInvocationHelper.java:124)
at org.testng.internal.MethodInvocationHelper.invokeMethodConsideringTimeout(MethodInvocationHelper.java:59)
at org.testng.internal.Invoker.invokeConfigurationMethod(Invoker.java:458)
at org.testng.internal.Invoker.invokeConfigurations(Invoker.java:222)
at org.testng.internal.Invoker.invokeConfigurations(Invoker.java:142)
at org.testng.internal.TestMethodWorker.invokeBeforeClassMethods(TestMethodWorker.java:168)
at org.testng.internal.TestMethodWorker.run(TestMethodWorker.java:105)
at org.testng.TestRunner.privateRun(TestRunner.java:648)
at org.testng.TestRunner.run(TestRunner.java:505)
at org.testng.SuiteRunner.runTest(SuiteRunner.java:455)
at org.testng.SuiteRunner.runSequentially(SuiteRunner.java:450)
at org.testng.SuiteRunner.privateRun(SuiteRunner.java:415)
at org.testng.SuiteRunner.run(SuiteRunner.java:364)
at org.testng.SuiteRunnerWorker.runSuite(SuiteRunnerWorker.java:52)
at org.testng.SuiteRunnerWorker.run(SuiteRunnerWorker.java:84)
at org.testng.TestNG.runSuitesSequentially(TestNG.java:1208)
at org.testng.TestNG.runSuitesLocally(TestNG.java:1137)
at org.testng.TestNG.runSuites(TestNG.java:1049)
at org.testng.TestNG.run(TestNG.java:1017)
at org.testng.remote.AbstractRemoteTestNG.run(AbstractRemoteTestNG.java:115)
at org.testng.remote.RemoteTestNG.initAndRun(RemoteTestNG.java:251)
at org.testng.remote.RemoteTestNG.main(RemoteTestNG.java:77)
]]>
    </error>
  </testcase> <!-- beforeClass -->
  <testcase name="f" time="0.000" classname="com.test.selenium.Test1">
    <skipped/>
  </testcase> <!-- f -->
</testsuite> <!-- com.test.selenium.Test1 -->
